36683895251 -11438185799 -3328198002 41198810422 61065667155
28396960990 -3789813166 -9839776454 12553047205 -10792401052
276259240 -2516087330 31019821842 38388979805 6034031122
-33480683608 28892316043 -18358283986 1471419352 62467310634
-25637395679 -29112634447 14209544639 36361849001 44258126119
59341215908 -71517661017 29739763166 35063160976 28951628677
27271843562 13163778450 -20817271029 36954509244 5086108760
22724373900 -16331714272 -6399742500 67316200568 10800357844
-80552673875 35233769337 -12333333265 32777866250 86000129936
18625431249 31775401557 -47606613719 25380041759 -16041351678
19908988602 -45440542146 11697191795 -14715987358 31766685871
31238706653 -18041959074 28508665040 6700206964 -14877987194
27287237887 23277017809 -36355690447 -20877352804 34169359946
40690765973 -1671392336 -30430843863 15270941561 47344182871
-2234861199 29602855623 -7356728807 -42947013713 -11976694569
-23089440846 -39958039778 -10636319828 11205079406 -35297815565
9327667822 -35495456159 -48236296676 -7562110942 59119102497
-19818971801 26784455979 -9634292206 -4287879827 -19330439801
-17850386597 -5275571073 -7395394704 -18499214574 5005907322
-21336498479 35123878701 16551954081 -23327036587 51362536396
-1428935970 11567224729 -6573917931 29008286863 -1801109110
-44502219877 -21896888179 -9525032997 -6648601561 78575012238
46978671951 38188278822 28605905515 14748178362 -38579271092
57177937267 40017445660 42944365515 13814774412 68516199922
10404131707 -34602789317 -2564756023 40833859480 22373260509
-16556436171 -12013833759 -35986661973 38997311169 96948128523
20490354146 38502670689 21768260981 28374555042 62383605097
35412763090 32679945788 6858173163 -24420954959 -16508901272
6969418453 25625152672 57249032039 12301699164 33074321088
-4148914087 -2728212339 -25935093546 -8805688900 16096080570
42459245913 -7873527796 60370876992 -27390688548 -17213525565
-6481618716 22777412819 -45642582418 -476740905 -25887112556
-16521510781 811809821 -480305871 9133434321 -13339223354
1507554262 -14039801346 -27874596703 16341860339 -16776150031
-79163848535 -2145260680 39270234261 6209517240 -13591495262
6891843278 13348884562 -49508240698 -29994921878 17480106614
1345482766 -59185080944 52683784219 3936192488 -12329375215
54640573617 56862806348 -23925962558 -4211283700 40333175590
59668054954 -28508381697 -42321814833 -1264832820 443999302
40857127017 5173555269 -17701158983 -9983317785 12230612939
77285705807 8817517594 3113501116 14556733817 -42167209825
12505878695 -8089751100 17873446130 -8844096524 -32046028374
71963171861 -16704832224 -8658083344 9156980181 -3738484424
-36731030864 48379938742 -60443811851 30523027856 -14180950046
14243506639 -39916968032 -22079127797 -24958713539 24465418622
8056035647 -51646068870 87688940966 15581443147 -1427918558
-29189132696 -56651246807 -32983496530 -13184563760 -3592820897
16742227061 19038597332 -72074795371 -22043793922 -30849617697
-8067444061 23532338948 -1621251390 49130937731 -50465681630
67353312509 47138988220 17947255893 -6002891660 25010912335
-30600225904 31461865152 -24136783797 -46543314530 -118211118412
-55254022438 -15639480018 10938637874 -6690631751 -37773813577
-14893069416 15869330323 22282281607 -21771745591 39162957732
-13166275174 23641481030 5945145248 -40613921842 28073184988
2775543975 -2772524312 43521457733 -17668250337 24054057609
-23499364687 -48374278665 -12592203671 17055780377 -15376486999
12567148770 -8396052618 -11788276967 -21556711798 -2263479844
-12232861162 -68547878404 38409051091 -13942282181 -43536731690
49593162191 -14240591162 -37170372837 20199227837 -15694357342
-3992048288 73103687490 -26141794247 17561950717 -21205871446
-22286690071 -26022682443 44878864886 -80456966674 16988533244
-313434054 -52750833700 -70235326910 14885345961 -54282695198
16399691630 -39509268393 -6888657754 -14387430646 -13454668553
-6812250633 -31160755971 -12184976461 57492720646 12525165389
78442383490 -44736710201 45845293571 11952131220 35815234464
-16370218148 -35215146984 3950097855 56845438163 -30239871181
6447217584 46340039300 23535787242 -14511274385 -10855504108
-5637602343 -67018617109 12300138093 -6735975617 38460380424
26819018850 60663050968 6644632620 13029222021 47486781649
26597659435 -6369296706 14915467311 -42801235395 21438581622
15893007940 -59896689564 7928861754 -6881265296 8070401264
45475729541 46060180484 -6022560412 45377278716 -35622753388
-29224507013 -35749675084 20234386807 -12900583823 -20568716769
2567728026 8325224526 -9271058872 -15327117916 -27869447401
49162389436 53248610176 -3312772150 -14577338150 38455499957
-16695544948 -9564955237 28681895505 4485405488 3916828648
47013587729 11887315532 -48300259561 44909223135 -48481717754
-15495960319 1106309967 40012023391 -14105647392 -40463135499
-60067638941 -291103584 -51388957596 -167711653 -52880787527
398109618 -20801285390 72250839383 -8376493081 -50964989580
6435745461 11693666840 -56883140905 -2992235214 6046917132
3983551892 -4839466202 -22610113024 3244476881 -9180099746
-52053303185 -28386620025 8969897970 -7826462217 -25184663858
32142214248 -3466290386 -14612312837 34847447640 31089043198
-35406624566 -36237395038 52841268619 -8678146003 43514030344
21376350408 -20816284474 4392034914 -13319144295 -14219029429
-1578877115 8796189984 21986070718 -59316523054 -19175665274
-2109362466 -75134540388 22592452921 -4111280576 30627352115
22664894760 -22044995632 -3462974310 -19247087250 -16550888310
-15849701737 24374655259 48504409857 -32255044637 12132252370
-34152358270 18316330586 -42885045358 7040644119 -17106512056
-23487288459 17153537773 -21380757837 -4514875714 31490406182
40672924072 39913544209 -9584517532 -12925940902 -48374999082
-24495390072 -7939043472 7022982786 15284674483 -18475968654
30302314188 -52174526363 61524544628 -24549544917 59120462189
16999291453 -9283576495 -16548012458 75134541537 -15467071167
30826620142 -20731723131 24502889333 9137504556 -49611384909
3202300412 -4698680344 57665905165 -29568133056 22520496809
3167750063 -1505943998 10045921909 -44828288587 -17371097996
37887898813 -3296313029 -31259541601 -18404266672 1014420527
